0 info it worked if it ends with ok
1 verbose cli [ '/usr/bin/nodejs', '/usr/bin/npm', 'bugs', 'Drywall' ]
2 info using npm@2.15.9
3 info using node@v4.6.0
4 silly mapToRegistry name Drywall
5 silly mapToRegistry using default registry
6 silly mapToRegistry registry https://registry.npmjs.org/
7 silly mapToRegistry data Result {
7 silly mapToRegistry   raw: 'Drywall',
7 silly mapToRegistry   scope: null,
7 silly mapToRegistry   name: 'Drywall',
7 silly mapToRegistry   rawSpec: '',
7 silly mapToRegistry   spec: 'latest',
7 silly mapToRegistry   type: 'tag' }
8 silly mapToRegistry uri https://registry.npmjs.org/Drywall
9 verbose request uri https://registry.npmjs.org/Drywall/latest
10 verbose request no auth needed
11 info attempt registry request try #1 at 12:46:17 AM
12 verbose request id eb85ddd5bbe7be04
13 http request GET https://registry.npmjs.org/Drywall/latest
14 http 404 https://registry.npmjs.org/Drywall/latest
15 verbose headers { server: 'CouchDB/1.6.1 (Erlang OTP/R16B03)',
15 verbose headers   'content-type': 'application/json',
15 verbose headers   'cache-control': 'max-age=0',
15 verbose headers   'content-length': '51',
15 verbose headers   'accept-ranges': 'bytes',
15 verbose headers   date: 'Sun, 16 Oct 2016 05:46:18 GMT',
15 verbose headers   via: '1.1 varnish',
15 verbose headers   age: '0',
15 verbose headers   connection: 'keep-alive',
15 verbose headers   'x-served-by': 'cache-atl6222-ATL',
15 verbose headers   'x-cache': 'MISS',
15 verbose headers   'x-cache-hits': '0',
15 verbose headers   'x-timer': 'S1476596777.712448,VS0,VE360' }
16 silly get cb [ 404,
16 silly get   { server: 'CouchDB/1.6.1 (Erlang OTP/R16B03)',
16 silly get     'content-type': 'application/json',
16 silly get     'cache-control': 'max-age=0',
16 silly get     'content-length': '51',
16 silly get     'accept-ranges': 'bytes',
16 silly get     date: 'Sun, 16 Oct 2016 05:46:18 GMT',
16 silly get     via: '1.1 varnish',
16 silly get     age: '0',
16 silly get     connection: 'keep-alive',
16 silly get     'x-served-by': 'cache-atl6222-ATL',
16 silly get     'x-cache': 'MISS',
16 silly get     'x-cache-hits': '0',
16 silly get     'x-timer': 'S1476596777.712448,VS0,VE360' } ]
17 verbose stack Error: 404 Not Found: Drywall
17 verbose stack     at makeError (/usr/lib/node_modules/npm/node_modules/npm-registry-client/lib/request.js:264:12)
17 verbose stack     at CachingRegistryClient.<anonymous> (/usr/lib/node_modules/npm/node_modules/npm-registry-client/lib/request.js:250:14)
17 verbose stack     at Request._callback (/usr/lib/node_modules/npm/node_modules/npm-registry-client/lib/request.js:172:14)
17 verbose stack     at Request.self.callback (/usr/lib/node_modules/npm/node_modules/request/request.js:200:22)
17 verbose stack     at emitTwo (events.js:87:13)
17 verbose stack     at Request.emit (events.js:172:7)
17 verbose stack     at Request.<anonymous> (/usr/lib/node_modules/npm/node_modules/request/request.js:1067:10)
17 verbose stack     at emitOne (events.js:82:20)
17 verbose stack     at Request.emit (events.js:169:7)
17 verbose stack     at IncomingMessage.<anonymous> (/usr/lib/node_modules/npm/node_modules/request/request.js:988:12)
18 verbose statusCode 404
19 verbose pkgid Drywall
20 verbose cwd /home/david/nodeprojects/comevents
21 error Linux 4.8.0-22-generic
22 error argv "/usr/bin/nodejs" "/usr/bin/npm" "bugs" "Drywall"
23 error node v4.6.0
24 error npm  v2.15.9
25 error code E404
26 error 404 Not Found: Drywall
26 error 404
26 error 404 'Drywall' is not in the npm registry.
26 error 404 Your package name is not valid, because
26 error 404
26 error 404  1. name can no longer contain capital letters
26 error 404
26 error 404 Note that you can also install from a
26 error 404 tarball, folder, http url, or git url.
27 verbose exit [ 1, true ]
